# JRE version: OpenJDK Runtime Environment (8.0_212-b04) (build 1.8.0_212-release-1586-b04)
# Java VM: OpenJDK 64-Bit Server VM (25.212-b04 mixed mode windows-amd64 compressed oops)
Heap:
 PSYoungGen      total 168448K, used 120448K [0x00000000e0000000, 0x00000000ee300000, 0x0000000100000000)
  eden space 156160K, 69% used [0x00000000e0000000,0x00000000e69a2fa8,0x00000000e9880000)
  from space 12288K, 99% used [0x00000000e9880000,0x00000000ea47d300,0x00000000ea480000)
  to   space 16896K, 0% used [0x00000000ed280000,0x00000000ed280000,0x00000000ee300000)
 ParOldGen       total 85504K, used 27389K [0x00000000a0000000, 0x00000000a5380000, 0x00000000e0000000)
  object space 85504K, 32% used [0x00000000a0000000,0x00000000a1abf408,0x00000000a5380000)
 Metaspace       used 53442K, capacity 56004K, committed 56192K, reserved 1097728K
  class space    used 7155K, capacity 7734K, committed 7808K, reserved 1048576K
GC Heap History (10 events):
Event: 26.118 GC heap before
{Heap before GC invocations=9 (full 1):
 PSYoungGen      total 76800K, used 66048K [0x00000000e0000000, 0x00000000e9600000, 0x0000000100000000)
  eden space 66048K, 100% used [0x00000000e0000000,0x00000000e4080000,0x00000000e4080000)
  from space 10752K, 0% used [0x00000000e4080000,0x00000000e4080000,0x00000000e4b00000)
  to   space 10752K, 0% used [0x00000000e8b80000,0x00000000e8b80000,0x00000000e9600000)
 ParOldGen       total 55296K, used 7710K [0x00000000a0000000, 0x00000000a3600000, 0x00000000e0000000)
  object space 55296K, 13% used [0x00000000a0000000,0x00000000a07879b0,0x00000000a3600000)
 Metaspace       used 28600K, capacity 29506K, committed 29696K, reserved 1075200K
  class space    used 4019K, capacity 4254K, committed 4352K, reserved 1048576K
Event: 26.170 GC heap after
Heap after GC invocations=9 (full 1):
 PSYoungGen      total 120320K, used 8479K [0x00000000e0000000, 0x00000000e9400000, 0x0000000100000000)
  eden space 111616K, 0% used [0x00000000e0000000,0x00000000e0000000,0x00000000e6d00000)
  from space 8704K, 97% used [0x00000000e8b80000,0x00000000e93c7f00,0x00000000e9400000)
  to   space 11264K, 0% used [0x00000000e7e00000,0x00000000e7e00000,0x00000000e8900000)
 ParOldGen       total 55296K, used 7718K [0x00000000a0000000, 0x00000000a3600000, 0x00000000e0000000)
  object space 55296K, 13% used [0x00000000a0000000,0x00000000a07899b0,0x00000000a3600000)
 Metaspace       used 28600K, capacity 29506K, committed 29696K, reserved 1075200K
  class space    used 4019K, capacity 4254K, committed 4352K, reserved 1048576K
}
Event: 32.024 GC heap before
{Heap before GC invocations=10 (full 1):
 PSYoungGen      total 120320K, used 103174K [0x00000000e0000000, 0x00000000e9400000, 0x0000000100000000)
  eden space 111616K, 84% used [0x00000000e0000000,0x00000000e5c79958,0x00000000e6d00000)
  from space 8704K, 97% used [0x00000000e8b80000,0x00000000e93c7f00,0x00000000e9400000)
  to   space 11264K, 0% used [0x00000000e7e00000,0x00000000e7e00000,0x00000000e8900000)
 ParOldGen       total 55296K, used 7718K [0x00000000a0000000, 0x00000000a3600000, 0x00000000e0000000)
  object space 55296K, 13% used [0x00000000a0000000,0x00000000a07899b0,0x00000000a3600000)
 Metaspace       used 34305K, capacity 35384K, committed 35456K, reserved 1079296K
  class space    used 4698K, capacity 4963K, committed 4992K, reserved 1048576K
Event: 32.088 GC heap after
Heap after GC invocations=10 (full 1):
 PSYoungGen      total 140288K, used 11250K [0x00000000e0000000, 0x00000000eb100000, 0x0000000100000000)
  eden space 129024K, 0% used [0x00000000e0000000,0x00000000e0000000,0x00000000e7e00000)
  from space 11264K, 99% used [0x00000000e7e00000,0x00000000e88fcb20,0x00000000e8900000)
  to   space 12800K, 0% used [0x00000000ea480000,0x00000000ea480000,0x00000000eb100000)
 ParOldGen       total 55296K, used 8459K [0x00000000a0000000, 0x00000000a3600000, 0x00000000e0000000)
  object space 55296K, 15% used [0x00000000a0000000,0x00000000a0842f88,0x00000000a3600000)
 Metaspace       used 34305K, capacity 35384K, committed 35456K, reserved 1079296K
  class space    used 4698K, capacity 4963K, committed 4992K, reserved 1048576K
}
Event: 32.088 GC heap before
{Heap before GC invocations=11 (full 2):
 PSYoungGen      total 140288K, used 11250K [0x00000000e0000000, 0x00000000eb100000, 0x0000000100000000)
  eden space 129024K, 0% used [0x00000000e0000000,0x00000000e0000000,0x00000000e7e00000)
  from space 11264K, 99% used [0x00000000e7e00000,0x00000000e88fcb20,0x00000000e8900000)
  to   space 12800K, 0% used [0x00000000ea480000,0x00000000ea480000,0x00000000eb100000)
 ParOldGen       total 55296K, used 8459K [0x00000000a0000000, 0x00000000a3600000, 0x00000000e0000000)
  object space 55296K, 15% used [0x00000000a0000000,0x00000000a0842f88,0x00000000a3600000)
 Metaspace       used 34305K, capacity 35384K, committed 35456K, reserved 1079296K
  class space    used 4698K, capacity 4963K, committed 4992K, reserved 1048576K
Event: 32.340 GC heap after
Heap after GC invocations=11 (full 2):
 PSYoungGen      total 140288K, used 0K [0x00000000e0000000, 0x00000000eb100000, 0x0000000100000000)
  eden space 129024K, 0% used [0x00000000e0000000,0x00000000e0000000,0x00000000e7e00000)
  from space 11264K, 0% used [0x00000000e7e00000,0x00000000e7e00000,0x00000000e8900000)
  to   space 12800K, 0% used [0x00000000ea480000,0x00000000ea480000,0x00000000eb100000)
 ParOldGen       total 85504K, used 18629K [0x00000000a0000000, 0x00000000a5380000, 0x00000000e0000000)
  object space 85504K, 21% used [0x00000000a0000000,0x00000000a12316e0,0x00000000a5380000)
 Metaspace       used 34305K, capacity 35384K, committed 35456K, reserved 1079296K
  class space    used 4698K, capacity 4963K, committed 4992K, reserved 1048576K
}
Event: 38.788 GC heap before
{Heap before GC invocations=12 (full 2):
 PSYoungGen      total 140288K, used 129024K [0x00000000e0000000, 0x00000000eb100000, 0x0000000100000000)
  eden space 129024K, 100% used [0x00000000e0000000,0x00000000e7e00000,0x00000000e7e00000)
  from space 11264K, 0% used [0x00000000e7e00000,0x00000000e7e00000,0x00000000e8900000)
  to   space 12800K, 0% used [0x00000000ea480000,0x00000000ea480000,0x00000000eb100000)
 ParOldGen       total 85504K, used 18629K [0x00000000a0000000, 0x00000000a5380000, 0x00000000e0000000)
  object space 85504K, 21% used [0x00000000a0000000,0x00000000a12316e0,0x00000000a5380000)
 Metaspace       used 37843K, capacity 39598K, committed 39680K, reserved 1083392K
  class space    used 5172K, capacity 5553K, committed 5632K, reserved 1048576K
Event: 38.815 GC heap after
Heap after GC invocations=12 (full 2):
 PSYoungGen      total 168960K, used 7339K [0x00000000e0000000, 0x00000000ebb00000, 0x0000000100000000)
  eden space 156160K, 0% used [0x00000000e0000000,0x00000000e0000000,0x00000000e9880000)
  from space 12800K, 57% used [0x00000000ea480000,0x00000000eabaae78,0x00000000eb100000)
  to   space 12288K, 0% used [0x00000000e9880000,0x00000000e9880000,0x00000000ea480000)
 ParOldGen       total 85504K, used 18637K [0x00000000a0000000, 0x00000000a5380000, 0x00000000e0000000)
  object space 85504K, 21% used [0x00000000a0000000,0x00000000a12336e0,0x00000000a5380000)
 Metaspace       used 37843K, capacity 39598K, committed 39680K, reserved 1083392K
  class space    used 5172K, capacity 5553K, committed 5632K, reserved 1048576K
}
Event: 49.168 GC heap before
{Heap before GC invocations=13 (full 2):
 PSYoungGen      total 168960K, used 163499K [0x00000000e0000000, 0x00000000ebb00000, 0x0000000100000000)
  eden space 156160K, 100% used [0x00000000e0000000,0x00000000e9880000,0x00000000e9880000)
  from space 12800K, 57% used [0x00000000ea480000,0x00000000eabaae78,0x00000000eb100000)
  to   space 12288K, 0% used [0x00000000e9880000,0x00000000e9880000,0x00000000ea480000)
 ParOldGen       total 85504K, used 18637K [0x00000000a0000000, 0x00000000a5380000, 0x00000000e0000000)
  object space 85504K, 21% used [0x00000000a0000000,0x00000000a12336e0,0x00000000a5380000)
 Metaspace       used 51292K, capacity 53454K, committed 53760K, reserved 1095680K
  class space    used 6858K, capacity 7328K, committed 7424K, reserved 1048576K
Event: 49.242 GC heap after
Heap after GC invocations=13 (full 2):
 PSYoungGen      total 168448K, used 12276K [0x00000000e0000000, 0x00000000ee300000, 0x0000000100000000)
  eden space 156160K, 0% used [0x00000000e0000000,0x00000000e0000000,0x00000000e9880000)
  from space 12288K, 99% used [0x00000000e9880000,0x00000000ea47d300,0x00000000ea480000)
  to   space 16896K, 0% used [0x00000000ed280000,0x00000000ed280000,0x00000000ee300000)
 ParOldGen       total 85504K, used 27389K [0x00000000a0000000, 0x00000000a5380000, 0x00000000e0000000)
  object space 85504K, 32% used [0x00000000a0000000,0x00000000a1abf408,0x00000000a5380000)
 Metaspace       used 51292K, capacity 53454K, committed 53760K, reserved 1095680K
  class space    used 6858K, capacity 7328K, committed 7424K, reserved 1048576K
}

